2023-05-21 23:45:56 INFO Attempting to connect to sqlite database pytacview.db.
2023-05-21 23:45:56 INFO Database connection made.
2023-05-21 23:45:56 INFO All files processed successfully.
2023-05-21 23:45:56 INFO The script took 0.006 seconds to finish.
2023-05-21 23:45:58 INFO Attempting to connect to sqlite database pytacview.db.
2023-05-21 23:45:58 INFO Database connection made.
2023-05-21 23:45:58 INFO All files processed successfully.
2023-05-21 23:45:58 INFO The script took 0.002 seconds to finish.
2023-05-21 23:45:59 INFO Attempting to connect to sqlite database pytacview.db.
2023-05-21 23:45:59 INFO Database connection made.
2023-05-21 23:45:59 INFO All files processed successfully.
2023-05-21 23:45:59 INFO The script took 0.002 seconds to finish.
2023-05-21 23:46:10 INFO Attempting to connect to sqlite database pytacview.db.
2023-05-21 23:46:10 INFO Database connection made.
2023-05-21 23:46:10 INFO Processing file named /Volumes/Internal_SSD/Projects/Python Projects/tacview2db/data/M7.xml.
2023-05-21 23:46:10 INFO Attempting to parse XML in /Volumes/Internal_SSD/Projects/Python Projects/tacview2db/data/M7.xml.
2023-05-21 23:46:10 INFO XML parsed successfully.
2023-05-21 23:46:10 INFO Checking if Op_Sand_Scorpion_-_Part_7_v1.0 already in database.
2023-05-21 23:46:10 WARNING Mission already exists in DB.
2023-05-21 23:46:10 INFO Attempting to add mission named Op_Sand_Scorpion_-_Part_7_v1.0 to database.
2023-05-21 23:46:10 INFO Created mission in database.
2023-05-21 23:46:10 INFO Processing event records.
2023-05-21 23:46:11 INFO EVENT records written to database.
2023-05-21 23:46:11 INFO Successfully processed 302 event records, 302 primary records, 191 secondary records and 62 parent records.
2023-05-21 23:46:11 INFO All files processed successfully.
2023-05-21 23:46:11 INFO The script took 0.698 seconds to finish.
